<?xml version="1.0" encoding="UTF-8"?>
<robot generator="Robot 4.1.3 (Python 3.7.5 on win32)" generated="20220310 09:48:36.338" rpa="true" schemaversion="2">
<suite id="s1" name="Tasks" source="c:\Users\ntnhat\Desktop\Test_Robot\TEst1\tasks.robot">
<test id="s1-t1" name="Minimal task">
<kw name="Open Available Browser" library="RPA.Browser">
<arg>${URL}</arg>
<doc>Attempts to open a browser on the user's device from a set of
supported browsers. Automatically downloads a corresponding webdriver
if none is already installed.</doc>
<msg timestamp="20220310 09:48:39.412" level="INFO">Creating an instance of the Chrome WebDriver.</msg>
<msg timestamp="20220310 09:48:39.453" level="INFO">Created download root directory: C:\Users\ntnhat\AppData\Local\robocorp\webdrivers</msg>
<msg timestamp="20220310 09:48:39.456" level="INFO">Created symlink directory: C:\Users\ntnhat\AppData\Local\robocorp\webdrivers</msg>
<msg timestamp="20220310 09:48:39.463" level="INFO">Creating an instance of the Chrome WebDriver.</msg>
<msg timestamp="20220310 09:48:42.297" level="INFO">Created Chrome browser with arguments: --disable-dev-shm-usage --disable-web-security --allow-running-insecure-content --no-sandbox</msg>
<msg timestamp="20220310 09:48:42.298" level="INFO" html="true">&lt;p&gt;Attempted combinations:&lt;/p&gt;&lt;div class="doc"&gt;&lt;table&gt;&lt;tr&gt;&lt;th&gt;Browser&lt;/th&gt;&lt;th&gt;Download&lt;/th&gt;&lt;th&gt;Error&lt;/th&gt;&lt;/tr&gt;&lt;tr&gt;&lt;td&gt;Chrome&lt;/td&gt;&lt;td&gt;False&lt;/td&gt;&lt;td&gt;Message: 'chromedriver' executable needs to be in PATH. Please see https://sites.google.com/a/chromium.org/chromedriver/home
&lt;/td&gt;&lt;/tr&gt;&lt;tr&gt;&lt;td&gt;Chrome&lt;/td&gt;&lt;td&gt;True&lt;/td&gt;&lt;td&gt;&lt;/td&gt;&lt;/tr&gt;&lt;/table&gt;&lt;/div&gt;</msg>
<msg timestamp="20220310 09:48:42.298" level="INFO">Opening url 'http://localhost:3000/'</msg>
<status status="PASS" starttime="20220310 09:48:39.409" endtime="20220310 09:48:44.892"/>
</kw>
<kw name="Sleep" library="BuiltIn">
<arg>10s</arg>
<doc>Pauses the test executed for the given time.</doc>
<msg timestamp="20220310 09:48:54.897" level="INFO">Slept 10 seconds</msg>
<status status="PASS" starttime="20220310 09:48:44.895" endtime="20220310 09:48:54.897"/>
</kw>
<kw name="Maximize Browser Window" library="RPA.Browser">
<doc>Maximizes current browser window.</doc>
<status status="PASS" starttime="20220310 09:48:54.899" endtime="20220310 09:48:55.014"/>
</kw>
<kw name="Fill the form">
<kw name="Convert To String" library="BuiltIn">
<var>${username}</var>
<arg>banxavi@gmail.com</arg>
<doc>Converts the given item to a Unicode string.</doc>
<msg timestamp="20220310 09:48:55.020" level="INFO">${username} = banxavi@gmail.com</msg>
<status status="PASS" starttime="20220310 09:48:55.018" endtime="20220310 09:48:55.020"/>
</kw>
<kw name="Convert To String" library="BuiltIn">
<var>${password}</var>
<arg>123456</arg>
<doc>Converts the given item to a Unicode string.</doc>
<msg timestamp="20220310 09:48:55.022" level="INFO">${password} = 123456</msg>
<status status="PASS" starttime="20220310 09:48:55.021" endtime="20220310 09:48:55.023"/>
</kw>
<kw name="Input Text" library="RPA.Browser">
<arg>//input[@id="username"]</arg>
<arg>${username}</arg>
<doc>Types the given ``text`` into the text field identified by ``locator``.</doc>
<msg timestamp="20220310 09:48:55.027" level="INFO">Typing text 'banxavi@gmail.com' into text field '//input[@id="username"]'.</msg>
<status status="PASS" starttime="20220310 09:48:55.025" endtime="20220310 09:48:55.133"/>
</kw>
<kw name="Input Text" library="RPA.Browser">
<arg>//input[@id="password"]</arg>
<arg>${password}</arg>
<doc>Types the given ``text`` into the text field identified by ``locator``.</doc>
<msg timestamp="20220310 09:48:55.136" level="INFO">Typing text '123456' into text field '//input[@id="password"]'.</msg>
<status status="PASS" starttime="20220310 09:48:55.134" endtime="20220310 09:48:55.202"/>
</kw>
<status status="PASS" starttime="20220310 09:48:55.016" endtime="20220310 09:48:55.204"/>
</kw>
<kw name="Log In">
<kw name="Click Button" library="RPA.Browser">
<arg>//button[@class="button"]</arg>
<doc>Clicks the button identified by ``locator``.</doc>
<msg timestamp="20220310 09:48:55.208" level="INFO">Clicking button '//button[@class="button"]'.</msg>
<status status="PASS" starttime="20220310 09:48:55.207" endtime="20220310 09:48:55.391"/>
</kw>
<status status="PASS" starttime="20220310 09:48:55.205" endtime="20220310 09:48:55.392"/>
</kw>
<kw name="Sleep" library="BuiltIn">
<arg>10s</arg>
<doc>Pauses the test executed for the given time.</doc>
<msg timestamp="20220310 09:49:05.396" level="INFO">Slept 10 seconds</msg>
<status status="PASS" starttime="20220310 09:48:55.394" endtime="20220310 09:49:05.396"/>
</kw>
<kw name="Add employee">
<kw name="Generate Random String" library="String">
<var>${random_string}</var>
<arg>12</arg>
<arg>[LOWER]</arg>
<doc>Generates a string with a desired ``length`` from the given ``chars``.</doc>
<msg timestamp="20220310 09:49:05.401" level="INFO">${random_string} = zrbitvsktilc</msg>
<status status="PASS" starttime="20220310 09:49:05.400" endtime="20220310 09:49:05.402"/>
</kw>
<kw name="Convert To String" library="BuiltIn">
<var>${name}</var>
<arg>banxavi@gmail.com</arg>
<doc>Converts the given item to a Unicode string.</doc>
<msg timestamp="20220310 09:49:05.404" level="INFO">${name} = banxavi@gmail.com</msg>
<status status="PASS" starttime="20220310 09:49:05.403" endtime="20220310 09:49:05.404"/>
</kw>
<kw name="Convert To String" library="BuiltIn">
<var>${email}</var>
<arg>${random_string}</arg>
<doc>Converts the given item to a Unicode string.</doc>
<msg timestamp="20220310 09:49:05.407" level="INFO">${email} = zrbitvsktilc</msg>
<status status="PASS" starttime="20220310 09:49:05.405" endtime="20220310 09:49:05.407"/>
</kw>
<kw name="Convert To String" library="BuiltIn">
<var>${address}</var>
<arg>Tuy An</arg>
<doc>Converts the given item to a Unicode string.</doc>
<msg timestamp="20220310 09:49:05.410" level="INFO">${address} = Tuy An</msg>
<status status="PASS" starttime="20220310 09:49:05.409" endtime="20220310 09:49:05.410"/>
</kw>
<kw name="Convert To Integer" library="BuiltIn">
<var>${phone}</var>
<arg>095721441</arg>
<doc>Converts the given item to an integer number.</doc>
<msg timestamp="20220310 09:49:05.413" level="INFO">${phone} = 95721441</msg>
<status status="PASS" starttime="20220310 09:49:05.411" endtime="20220310 09:49:05.413"/>
</kw>
<kw name="Convert To String" library="BuiltIn">
<var>${image}</var>
<arg>image</arg>
<doc>Converts the given item to a Unicode string.</doc>
<msg timestamp="20220310 09:49:05.416" level="INFO">${image} = image</msg>
<status status="PASS" starttime="20220310 09:49:05.414" endtime="20220310 09:49:05.416"/>
</kw>
<kw name="Click Button" library="RPA.Browser">
<arg>//button[@id="addemp"]</arg>
<doc>Clicks the button identified by ``locator``.</doc>
<msg timestamp="20220310 09:49:05.418" level="INFO">Clicking button '//button[@id="addemp"]'.</msg>
<status status="PASS" starttime="20220310 09:49:05.417" endtime="20220310 09:49:05.509"/>
</kw>
<kw name="Input Text" library="RPA.Browser">
<arg>//input[@id="add_name"]</arg>
<arg>${name}</arg>
<doc>Types the given ``text`` into the text field identified by ``locator``.</doc>
<msg timestamp="20220310 09:49:05.512" level="INFO">Typing text 'banxavi@gmail.com' into text field '//input[@id="add_name"]'.</msg>
<status status="PASS" starttime="20220310 09:49:05.510" endtime="20220310 09:49:05.614"/>
</kw>
<kw name="Input Text" library="RPA.Browser">
<arg>//input[@id="add_email"]</arg>
<arg>${email}</arg>
<doc>Types the given ``text`` into the text field identified by ``locator``.</doc>
<msg timestamp="20220310 09:49:05.617" level="INFO">Typing text 'zrbitvsktilc' into text field '//input[@id="add_email"]'.</msg>
<status status="PASS" starttime="20220310 09:49:05.616" endtime="20220310 09:49:05.699"/>
</kw>
<kw name="Input Text" library="RPA.Browser">
<arg>//input[@id="add_address"]</arg>
<arg>${address}</arg>
<doc>Types the given ``text`` into the text field identified by ``locator``.</doc>
<msg timestamp="20220310 09:49:05.702" level="INFO">Typing text 'Tuy An' into text field '//input[@id="add_address"]'.</msg>
<status status="PASS" starttime="20220310 09:49:05.701" endtime="20220310 09:49:05.771"/>
</kw>
<kw name="Input Text" library="RPA.Browser">
<arg>//input[@id="add_phone"]</arg>
<arg>${phone}</arg>
<doc>Types the given ``text`` into the text field identified by ``locator``.</doc>
<msg timestamp="20220310 09:49:05.774" level="INFO">Typing text '95721441' into text field '//input[@id="add_phone"]'.</msg>
<status status="PASS" starttime="20220310 09:49:05.772" endtime="20220310 09:49:05.846"/>
</kw>
<kw name="Input Text" library="RPA.Browser">
<arg>//input[@id="add_image"]</arg>
<arg>${image}</arg>
<doc>Types the given ``text`` into the text field identified by ``locator``.</doc>
<msg timestamp="20220310 09:49:05.849" level="INFO">Typing text 'image' into text field '//input[@id="add_image"]'.</msg>
<status status="PASS" starttime="20220310 09:49:05.847" endtime="20220310 09:49:05.920"/>
</kw>
<kw name="Sleep" library="BuiltIn">
<arg>10s</arg>
<doc>Pauses the test executed for the given time.</doc>
<msg timestamp="20220310 09:49:15.922" level="INFO">Slept 10 seconds</msg>
<status status="PASS" starttime="20220310 09:49:05.921" endtime="20220310 09:49:15.922"/>
</kw>
<kw name="Click Button" library="RPA.Browser">
<arg>//button[@id='add_submit']</arg>
<doc>Clicks the button identified by ``locator``.</doc>
<msg timestamp="20220310 09:49:15.925" level="INFO">Clicking button '//button[@id='add_submit']'.</msg>
<status status="PASS" starttime="20220310 09:49:15.923" endtime="20220310 09:49:15.982"/>
</kw>
<kw name="Sleep" library="BuiltIn">
<arg>10s</arg>
<doc>Pauses the test executed for the given time.</doc>
<msg timestamp="20220310 09:49:25.985" level="INFO">Slept 10 seconds</msg>
<status status="PASS" starttime="20220310 09:49:15.984" endtime="20220310 09:49:25.985"/>
</kw>
<status status="PASS" starttime="20220310 09:49:05.398" endtime="20220310 09:49:25.986"/>
</kw>
<kw name="Pause Execution" library="Dialogs">
<doc>Pauses test execution until user clicks ``Ok`` button.</doc>
<status status="PASS" starttime="20220310 09:49:25.988" endtime="20220310 09:49:28.515"/>
</kw>
<status status="PASS" starttime="20220310 09:48:39.405" endtime="20220310 09:49:28.520"/>
</test>
<doc>Template robot main suite.</doc>
<status status="PASS" starttime="20220310 09:48:36.345" endtime="20220310 09:49:28.528"/>
</suite>
<statistics>
<total>
<stat pass="1" fail="0" skip="0">All Tasks</stat>
</total>
<tag>
</tag>
<suite>
<stat pass="1" fail="0" skip="0" id="s1" name="Tasks">Tasks</stat>
</suite>
</statistics>
<errors>
<msg timestamp="20220310 09:48:37.451" level="WARN">This is a deprecated import that will be removed in favor of RPA.Browser.Selenium</msg>
<msg timestamp="20220310 09:48:38.058" level="WARN">This is a deprecated import that will be removed in favor of RPA.Robocorp.Vault</msg>
</errors>
</robot>
